{
  "stats": {
    "suites": 1,
    "tests": 10,
    "passes": 10,
    "pending": 0,
    "failures": 0,
    "start": "2023-12-15T09:56:03.418Z",
    "end": "2023-12-15T09:58:17.277Z",
    "duration": 133859,
    "testsRegistered": 10,
    "passPercent": 100,
    "pendingPercent": 0,
    "other": 0,
    "hasOther": false,
    "skipped": 0,
    "hasSkipped": false
  },
  "results": [
    {
      "uuid": "f21ef4f3-5a19-4c8b-bc06-1c252b0a052f",
      "title": "",
      "fullFile": "cypress/e2e/mau-kerja.cy.js",
      "file": "cypress/e2e/mau-kerja.cy.js",
      "beforeHooks": [],
      "afterHooks": [],
      "tests": [],
      "suites": [
        {
          "uuid": "eb1f86f1-ef6a-4525-b708-0e3df97704c3",
          "title": "Mau kerja testcase",
          "fullFile": "",
          "file": "",
          "beforeHooks": [],
          "afterHooks": [],
          "tests": [
            {
              "title": "user should be able to open all open works",
              "fullTitle": "Mau kerja testcase user should be able to open all open works",
              "timedOut": null,
              "duration": 12954,
              "state": "passed",
              "speed": "slow",
              "pass": true,
              "fail": false,
              "pending": false,
              "context": null,
              "code": "cy.wait(1000);\ncy.get('[data-v-3770e26a=\"\"][data-v-ccbcd63a=\"\"] > .has-border-0-touch > :nth-child(2) > .position-relative > .carousel-list > .carousel-slides > .is-active').click();\ncy.get('#comp_profile_upload_resume_1_btn').should('be.visible');",
              "err": {},
              "uuid": "0e71b04c-cc39-409a-8a0b-8f99e810bb9d",
              "parentUUID": "eb1f86f1-ef6a-4525-b708-0e3df97704c3",
              "isHook": false,
              "skipped": false
            },
            {
              "title": "user should be able to login with wrong email & password",
              "fullTitle": "Mau kerja testcase user should be able to login with wrong email & password",
              "timedOut": null,
              "duration": 16937,
              "state": "passed",
              "speed": "slow",
              "pass": true,
              "fail": false,
              "pending": false,
              "context": null,
              "code": "cy.wait(1000);\ncy.get('[href=\"/login\"] > .is-flex').should('be.visible').click();\ncy.get('.custom-width > .is-size-4').should('be.visible');\ncy.get('.space-y-4 > :nth-child(1) > .control > .input').type('wann@gmail.com');\ncy.get('.field-body > .field > .control > .input').type('12345678');\ncy.get(':nth-child(2) > .button').should('be.visible').click();\ncy.wait(5000);",
              "err": {},
              "uuid": "6ab305f5-b00d-4a21-be98-b256fc33b74d",
              "parentUUID": "eb1f86f1-ef6a-4525-b708-0e3df97704c3",
              "isHook": false,
              "skipped": false
            },
            {
              "title": "user should be able to login with account facebook",
              "fullTitle": "Mau kerja testcase user should be able to login with account facebook",
              "timedOut": null,
              "duration": 9119,
              "state": "passed",
              "speed": "medium",
              "pass": true,
              "fail": false,
              "pending": false,
              "context": null,
              "code": "cy.wait(1000);\ncy.get('[href=\"/login\"] > .is-flex').should('be.visible').click();\ncy.get('.custom-width > .is-size-4').should('be.visible');\ncy.get('.space-y-2 > .button').should('be.visible').click();",
              "err": {},
              "uuid": "8e001bd6-4846-4394-aadf-f30dca997b67",
              "parentUUID": "eb1f86f1-ef6a-4525-b708-0e3df97704c3",
              "isHook": false,
              "skipped": false
            },
            {
              "title": "user should be able to register with google account",
              "fullTitle": "Mau kerja testcase user should be able to register with google account",
              "timedOut": null,
              "duration": 12104,
              "state": "passed",
              "speed": "slow",
              "pass": true,
              "fail": false,
              "pending": false,
              "context": null,
              "code": "cy.wait(1000);\ncy.get('[href=\"/register\"] > .is-flex > .is-size-8').should('be.visible').click();\ncy.wait(5000);",
              "err": {},
              "uuid": "e353c7d4-9856-44bb-8062-9c2d3f251ca6",
              "parentUUID": "eb1f86f1-ef6a-4525-b708-0e3df97704c3",
              "isHook": false,
              "skipped": false
            },
            {
              "title": "user should be able to register with facebook account",
              "fullTitle": "Mau kerja testcase user should be able to register with facebook account",
              "timedOut": null,
              "duration": 17167,
              "state": "passed",
              "speed": "slow",
              "pass": true,
              "fail": false,
              "pending": false,
              "context": null,
              "code": "cy.wait(1000);\ncy.get('[href=\"/register\"] > .is-flex > .is-size-8').should('be.visible').click();\ncy.get('.space-y-2 > .button').should('be.visible').click;\ncy.wait(5000);",
              "err": {},
              "uuid": "668b5c8a-5ffc-45c5-878a-8b3ed63c1886",
              "parentUUID": "eb1f86f1-ef6a-4525-b708-0e3df97704c3",
              "isHook": false,
              "skipped": false
            },
            {
              "title": "user should be able to register",
              "fullTitle": "Mau kerja testcase user should be able to register",
              "timedOut": null,
              "duration": 15228,
              "state": "passed",
              "speed": "slow",
              "pass": true,
              "fail": false,
              "pending": false,
              "context": null,
              "code": "cy.wait(1000);\ncy.get('[href=\"/register\"] > .is-flex > .is-size-8').should('be.visible').click();\ncy.get('.space-y-4 > :nth-child(1) > .control > .input').type('wann');\ncy.get('.vti__input').type('81237878');\ncy.get('.form-wrapper > .field > .control > .input').type('wann12345@gmail.com');\ncy.get(':nth-child(4) > .field > .control > .input').type('123456789');\ncy.wait(5000);",
              "err": {},
              "uuid": "351aafa5-afc8-4bcb-acfc-57431d53f245",
              "parentUUID": "eb1f86f1-ef6a-4525-b708-0e3df97704c3",
              "isHook": false,
              "skipped": false
            },
            {
              "title": "user should be able to register with empty input",
              "fullTitle": "Mau kerja testcase user should be able to register with empty input",
              "timedOut": null,
              "duration": 11662,
              "state": "passed",
              "speed": "slow",
              "pass": true,
              "fail": false,
              "pending": false,
              "context": null,
              "code": "cy.wait(1000);\ncy.get('[href=\"/register\"] > .is-flex > .is-size-8').should('be.visible').click();\ncy.get('.space-y-4 > .button').should('be.disabled');\ncy.wait(5000);",
              "err": {},
              "uuid": "e40975a4-5197-4f42-9cfb-c0cd9bee8e6f",
              "parentUUID": "eb1f86f1-ef6a-4525-b708-0e3df97704c3",
              "isHook": false,
              "skipped": false
            },
            {
              "title": "user should be able to search by wrong keyword",
              "fullTitle": "Mau kerja testcase user should be able to search by wrong keyword",
              "timedOut": null,
              "duration": 15316,
              "state": "passed",
              "speed": "slow",
              "pass": true,
              "fail": false,
              "pending": false,
              "context": null,
              "code": "cy.wait(1000);\ncy.get('.navbar-start > .custom-search > .control > .input').should('be.visible');\ncy.get('.navbar-start > .custom-search > .control > .input').click();\ncy.get('.is-flex-grow-1 > .field > .autocomplete > .control > .input').type('ceo abcd');\ncy.get('.has-margin-top-10-touch > .button').click();\ncy.get('.box').should('be.visible');\ncy.wait(1000);",
              "err": {},
              "uuid": "6838489f-426d-45ee-8084-432665f5d6bc",
              "parentUUID": "eb1f86f1-ef6a-4525-b708-0e3df97704c3",
              "isHook": false,
              "skipped": false
            },
            {
              "title": "user should be able to search by keyword",
              "fullTitle": "Mau kerja testcase user should be able to search by keyword",
              "timedOut": null,
              "duration": 8183,
              "state": "passed",
              "speed": "medium",
              "pass": true,
              "fail": false,
              "pending": false,
              "context": null,
              "code": "cy.wait(1000);\ncy.get('.navbar-start > .custom-search > .control > .input').should('be.visible');\ncy.get('.navbar-start > .custom-search > .control > .input').click();\ncy.get('.is-flex-grow-1 > .field > .autocomplete > .control > .input').type('qa');\ncy.get('.has-margin-top-10-touch > .button').click();\ncy.get('.level-item > p > :nth-child(1)').should('be.visible');\ncy.wait(1000);",
              "err": {},
              "uuid": "da87054c-459f-4e28-be75-5f0a20eb1e64",
              "parentUUID": "eb1f86f1-ef6a-4525-b708-0e3df97704c3",
              "isHook": false,
              "skipped": false
            },
            {
              "title": "user should be able to apply jobs",
              "fullTitle": "Mau kerja testcase user should be able to apply jobs",
              "timedOut": null,
              "duration": 9445,
              "state": "passed",
              "speed": "medium",
              "pass": true,
              "fail": false,
              "pending": false,
              "context": null,
              "code": "cy.wait(1000);\ncy.get('.navbar-start > .custom-search > .control > .input').should('be.visible');\ncy.get('.navbar-start > .custom-search > .control > .input').click();\ncy.get('.is-flex-grow-1 > .field > .autocomplete > .control > .input').type('qa');\ncy.get('.has-margin-top-10-touch > .button').click();\ncy.get('.level-item > p > :nth-child(1)').should('be.visible');\ncy.get('.has-margin-left-5 > .button').should('be.visible').click();\ncy.get('.custom-width > .is-size-4').should('be.visible');\ncy.wait(1000);",
              "err": {},
              "uuid": "24f1f01d-bf63-47e9-a3f1-1db251077b1f",
              "parentUUID": "eb1f86f1-ef6a-4525-b708-0e3df97704c3",
              "isHook": false,
              "skipped": false
            }
          ],
          "suites": [],
          "passes": [
            "0e71b04c-cc39-409a-8a0b-8f99e810bb9d",
            "6ab305f5-b00d-4a21-be98-b256fc33b74d",
            "8e001bd6-4846-4394-aadf-f30dca997b67",
            "e353c7d4-9856-44bb-8062-9c2d3f251ca6",
            "668b5c8a-5ffc-45c5-878a-8b3ed63c1886",
            "351aafa5-afc8-4bcb-acfc-57431d53f245",
            "e40975a4-5197-4f42-9cfb-c0cd9bee8e6f",
            "6838489f-426d-45ee-8084-432665f5d6bc",
            "da87054c-459f-4e28-be75-5f0a20eb1e64",
            "24f1f01d-bf63-47e9-a3f1-1db251077b1f"
          ],
          "failures": [],
          "pending": [],
          "skipped": [],
          "duration": 128115,
          "root": false,
          "rootEmpty": false,
          "_timeout": 2000
        }
      ],
      "passes": [],
      "failures": [],
      "pending": [],
      "skipped": [],
      "duration": 0,
      "root": true,
      "rootEmpty": true,
      "_timeout": 2000
    }
  ],
  "meta": {
    "mocha": {
      "version": "7.0.1"
    },
    "mochawesome": {
      "options": {
        "quiet": false,
        "reportFilename": "[name].html",
        "saveHtml": false,
        "saveJson": true,
        "consoleReporter": "spec",
        "useInlineDiffs": false,
        "code": true
      },
      "version": "7.1.3"
    },
    "marge": {
      "options": {
        "reportDir": "cypress/results/.jsons",
        "reportFilename": "[name].html",
        "overwrite": false,
        "json": true,
        "html": false
      },
      "version": "6.2.0"
    }
  }
}