{
  "stats": {
    "suites": 1,
    "tests": 1,
    "passes": 1,
    "pending": 0,
    "failures": 0,
    "start": "2023-12-15T09:54:55.319Z",
    "end": "2023-12-15T09:55:12.552Z",
    "duration": 17233,
    "testsRegistered": 1,
    "passPercent": 100,
    "pendingPercent": 0,
    "other": 0,
    "hasOther": false,
    "skipped": 0,
    "hasSkipped": false
  },
  "results": [
    {
      "uuid": "ede69978-420b-4c8f-9f4c-504893b7740d",
      "title": "",
      "fullFile": "cypress/e2e/mau-kerja.cy.js",
      "file": "cypress/e2e/mau-kerja.cy.js",
      "beforeHooks": [],
      "afterHooks": [],
      "tests": [],
      "suites": [
        {
          "uuid": "a64aab66-3754-498c-b035-4830df080ae2",
          "title": "Mau kerja testcase",
          "fullFile": "",
          "file": "",
          "beforeHooks": [],
          "afterHooks": [],
          "tests": [
            {
              "title": "user should be able to search by wrong keyword",
              "fullTitle": "Mau kerja testcase user should be able to search by wrong keyword",
              "timedOut": null,
              "duration": 10959,
              "state": "passed",
              "speed": "slow",
              "pass": true,
              "fail": false,
              "pending": false,
              "context": null,
              "code": "cy.wait(1000);\ncy.get('.navbar-start > .custom-search > .control > .input').should('be.visible');\ncy.get('.navbar-start > .custom-search > .control > .input').click();\ncy.get('.is-flex-grow-1 > .field > .autocomplete > .control > .input').type('ceo abcd');\ncy.get('.has-margin-top-10-touch > .button').click();\ncy.get('.box').should('be.visible');\ncy.wait(1000);",
              "err": {},
              "uuid": "aaac88fd-b151-4331-a264-5f75002cc1cc",
              "parentUUID": "a64aab66-3754-498c-b035-4830df080ae2",
              "isHook": false,
              "skipped": false
            }
          ],
          "suites": [],
          "passes": [
            "aaac88fd-b151-4331-a264-5f75002cc1cc"
          ],
          "failures": [],
          "pending": [],
          "skipped": [],
          "duration": 10959,
          "root": false,
          "rootEmpty": false,
          "_timeout": 2000
        }
      ],
      "passes": [],
      "failures": [],
      "pending": [],
      "skipped": [],
      "duration": 0,
      "root": true,
      "rootEmpty": true,
      "_timeout": 2000
    }
  ],
  "meta": {
    "mocha": {
      "version": "7.0.1"
    },
    "mochawesome": {
      "options": {
        "quiet": false,
        "reportFilename": "[name].html",
        "saveHtml": false,
        "saveJson": true,
        "consoleReporter": "spec",
        "useInlineDiffs": false,
        "code": true
      },
      "version": "7.1.3"
    },
    "marge": {
      "options": {
        "reportDir": "cypress/results/.jsons",
        "reportFilename": "[name].html",
        "overwrite": false,
        "json": true,
        "html": false
      },
      "version": "6.2.0"
    }
  }
}